<?xml version="1.0" encoding="UTF-8"?>
<testsuites name="RTS001_ScriptTemplate_Validation" time="7.023" tests="0" failures="0" errors="0">
   <testsuite name="RTS001_ScriptTemplate_Validation" tests="0" failures="0" errors="0" time="7.023" skipped="0" timestamp="24-04-2025T08:06:40" hostname="MunyaradziKandoro - DESKTOP-06T37RT" id="Test Suites/Regression Test Suite/RTS001_ScriptTemplate_Validation">
      <properties>
         <property name="deviceName" value=""/>
         <property name="devicePlatform"/>
         <property name="logFolder" value="C:\\Users\\MunyaradziKandoro\\Katalon Studio\\Testing UI\\Reports\\20250424_080630\\Regression Test Suite\\RTS001_ScriptTemplate_Validation\\20250424_080637"/>
         <property name="logFiles" value="C:\\Users\\MunyaradziKandoro\\Katalon Studio\\Testing UI\\Reports\\20250424_080630\\Regression Test Suite\\RTS001_ScriptTemplate_Validation\\20250424_080637\\execution0.log"/>
         <property name="attachments" value=""/>
         <property name="hostName" value="MunyaradziKandoro - DESKTOP-06T37RT"/>
         <property name="os" value="Windows 11 64bit"/>
         <property name="katalonVersion" value="10.1.0.223"/>
         <property name="browser" value="Chrome 135.0.7049.96"/>
         <property name="hostAddress" value="192.168.1.100"/>
         <property name="sessionId" value="d29dd365562341b8b87e0619b7177289"/>
         <property name="seleniumVersion" value="4.22.0"/>
         <property name="proxyInformation" value="ProxyInformation { proxyOption=NO_PROXY, proxyServerType=HTTP, username=, password=********, proxyServerAddress=, proxyServerPort=0, executionList=&quot;&quot;, isApplyToDesiredCapabilities=true }"/>
         <property name="platform" value="Windows 11"/>
      </properties>
      <system-out><![CDATA[24-04-2025T08:06:40 - [TEST_SUITE][PASSED] - RTS001_ScriptTemplate_Validation: null]]></system-out>
      <system-err><![CDATA[]]></system-err>
   </testsuite>
</testsuites>
